c:\users\2210102\デスクトップ\gameengine\gameengine\x64\debug\blendstatemanager.obj
c:\users\2210102\デスクトップ\gameengine\gameengine\x64\debug\debuggermouse.obj
c:\users\2210102\デスクトップ\gameengine\gameengine\x64\debug\ray.obj
c:\users\2210102\デスクトップ\gameengine\gameengine\x64\debug\skinnedmesh.obj
c:\users\2210102\デスクトップ\gameengine\gameengine\x64\debug\spawnenemymanager.obj
c:\users\2210102\デスクトップ\gameengine\gameengine\x64\debug\constantbuffer.obj
c:\users\2210102\デスクトップ\gameengine\gameengine\x64\debug\database.obj
c:\users\2210102\デスクトップ\gameengine\gameengine\x64\debug\samplerstatemanager.obj
c:\users\2210102\デスクトップ\gameengine\gameengine\x64\debug\spotlight.obj
c:\users\2210102\デスクトップ\gameengine\gameengine\x64\debug\windowapp.obj
c:\users\2210102\デスクトップ\gameengine\gameengine\x64\debug\boundingsphere.obj
c:\users\2210102\デスクトップ\gameengine\gameengine\x64\debug\depthstencilstatemanager.obj
c:\users\2210102\デスクトップ\gameengine\gameengine\x64\debug\framework.obj
c:\users\2210102\デスクトップ\gameengine\gameengine\x64\debug\scene.obj
c:\users\2210102\デスクトップ\gameengine\gameengine\x64\debug\collision.obj
c:\users\2210102\デスクトップ\gameengine\gameengine\x64\debug\obj2d.obj
c:\users\2210102\デスクトップ\gameengine\gameengine\x64\debug\spritebatch.obj
c:\users\2210102\デスクトップ\gameengine\gameengine\x64\debug\boundingcapsule.obj
c:\users\2210102\デスクトップ\gameengine\gameengine\x64\debug\dxtk_audio.obj
c:\users\2210102\デスクトップ\gameengine\gameengine\x64\debug\geometricprimitive.obj
c:\users\2210102\デスクトップ\gameengine\gameengine\x64\debug\player.obj
c:\users\2210102\デスクトップ\gameengine\gameengine\x64\debug\audiomanager.obj
c:\users\2210102\デスクトップ\gameengine\gameengine\x64\debug\dataformat.obj
c:\users\2210102\デスクトップ\gameengine\gameengine\x64\debug\effectseermanager.obj
c:\users\2210102\デスクトップ\gameengine\gameengine\x64\debug\obj3d.obj
c:\users\2210102\デスクトップ\gameengine\gameengine\x64\debug\imgui.obj
c:\users\2210102\デスクトップ\gameengine\gameengine\x64\debug\imgui_impl_win32.obj
c:\users\2210102\デスクトップ\gameengine\gameengine\x64\debug\button2dmanager.obj
c:\users\2210102\デスクトップ\gameengine\gameengine\x64\debug\mousepoint.obj
c:\users\2210102\デスクトップ\gameengine\gameengine\x64\debug\staticmesh.obj
c:\users\2210102\デスクトップ\gameengine\gameengine\x64\debug\charater.obj
c:\users\2210102\デスクトップ\gameengine\gameengine\x64\debug\mymath.obj
c:\users\2210102\デスクトップ\gameengine\gameengine\x64\debug\pointlight.obj
c:\users\2210102\デスクトップ\gameengine\gameengine\x64\debug\rasterizerstatemanager.obj
c:\users\2210102\デスクトップ\gameengine\gameengine\x64\debug\shader.obj
c:\users\2210102\デスクトップ\gameengine\gameengine\x64\debug\imgui_draw.obj
c:\users\2210102\デスクトップ\gameengine\gameengine\x64\debug\imgui_ja_gryph_ranges.obj
c:\users\2210102\デスクトップ\gameengine\gameengine\x64\debug\imgui_widgets.obj
c:\users\2210102\デスクトップ\gameengine\gameengine\x64\debug\cameramanager.obj
c:\users\2210102\デスクトップ\gameengine\gameengine\x64\debug\inputmanager.obj
c:\users\2210102\デスクトップ\gameengine\gameengine\x64\debug\texture.obj
c:\users\2210102\デスクトップ\gameengine\gameengine\x64\debug\button3d.obj
c:\users\2210102\デスクトップ\gameengine\gameengine\x64\debug\controlpad.obj
c:\users\2210102\デスクトップ\gameengine\gameengine\x64\debug\objectmanager.obj
c:\users\2210102\デスクトップ\gameengine\gameengine\x64\debug\imgui_impl_dx11.obj
c:\users\2210102\デスクトップ\gameengine\gameengine\x64\debug\background.obj
c:\users\2210102\デスクトップ\gameengine\gameengine\x64\debug\lightmanager.obj
c:\users\2210102\デスクトップ\gameengine\gameengine\x64\debug\sprite3d.obj
c:\users\2210102\デスクトップ\gameengine\gameengine\x64\debug\button3dmanager.obj
c:\users\2210102\デスクトップ\gameengine\gameengine\x64\debug\constantbuffermanager.obj
c:\users\2210102\デスクトップ\gameengine\gameengine\x64\debug\effect.obj
c:\users\2210102\デスクトップ\gameengine\gameengine\x64\debug\graphicengine.obj
c:\users\2210102\デスクトップ\gameengine\gameengine\x64\debug\sprite.obj
c:\users\2210102\デスクトップ\gameengine\x64\debug\142.pdb
c:\users\2210102\デスクトップ\gameengine\x64\debug\gameengine.lib
c:\users\2210102\デスクトップ\gameengine\x64\debug\gameengine.exp
c:\users\2210102\デスクトップ\gameengine\gameengine\x64\debug\gameengine.ilk
c:\users\2210102\デスクトップ\gameengine\x64\debug\gameengine.exe
c:\users\2210102\デスクトップ\gameengine\x64\debug\gameengine.pdb
c:\users\2210102\デスクトップ\gameengine\gameengine\x64\debug\gameengine.res
c:\users\2210102\デスクトップ\gameengine\gameengine\x64\debug\gameengine.tlog\cl.12384.write.1.tlog
c:\users\2210102\デスクトップ\gameengine\gameengine\x64\debug\gameengine.tlog\cl.command.1.tlog
c:\users\2210102\デスクトップ\gameengine\gameengine\x64\debug\gameengine.tlog\cl.read.1.tlog
c:\users\2210102\デスクトップ\gameengine\gameengine\x64\debug\gameengine.tlog\gameengine.write.1u.tlog
c:\users\2210102\デスクトップ\gameengine\gameengine\x64\debug\gameengine.tlog\link.command.1.tlog
c:\users\2210102\デスクトップ\gameengine\gameengine\x64\debug\gameengine.tlog\link.read.1.tlog
c:\users\2210102\デスクトップ\gameengine\gameengine\x64\debug\gameengine.tlog\link.write.1.tlog
c:\users\2210102\デスクトップ\gameengine\gameengine\x64\debug\gameengine.tlog\rc.command.1.tlog
c:\users\2210102\デスクトップ\gameengine\gameengine\x64\debug\gameengine.tlog\rc.read.1.tlog
c:\users\2210102\デスクトップ\gameengine\gameengine\x64\debug\gameengine.tlog\rc.write.1.tlog
